Compiled at:     Dec 30 2014 11:03:16
Execution start: Tue Dec 30 12:54:54 2014
Program call:    './x.exe -file /home/martin/ros/iis_komo_ws/src/iis_motion_planning/iis_komo/scripts/../data/iis_robot.kvg '
                file = /home/martin/ros/iis_komo_ws/src/iis_motion_planning/iis_komo/scripts/../data/iis_robot.kvg [N2MT6StringE] (cmd line!)
entering path `/home/martin/ros/iis_komo_ws/src/iis_motion_planning/iis_komo/scripts/../data' from '/home/martin/ros/iis_komo_ws/src/iis_motion_planning/KOMO/share/examples/Ors/ors_editor'
opening input file `iis_robot.kvg'
entering path `iis_robot' from '/home/martin/ros/iis_komo_ws/src/iis_motion_planning/iis_komo/data'
opening input file `left_arm.ors'
opening input file `kuka/kuka_base_lo.obj'
opening input file `kuka/kuka_link1_lo.obj'
opening input file `kuka/kuka_link2_lo.obj'
opening input file `kuka/kuka_link3_lo.obj'
opening input file `kuka/kuka_link4_lo.obj'
opening input file `kuka/kuka_link5_lo.obj'
opening input file `kuka/kuka_wrist_lo.obj'
opening input file `kuka/kuka_link7_lo.stl'
leaving path `iis_robot' back to '/home/martin/ros/iis_komo_ws/src/iis_motion_planning/iis_komo/data'
entering path `iis_robot' from '/home/martin/ros/iis_komo_ws/src/iis_motion_planning/iis_komo/data'
opening input file `right_arm.ors'
opening input file `kuka/kuka_base_lo.obj'
opening input file `kuka/kuka_link1_lo.obj'
opening input file `kuka/kuka_link2_lo.obj'
opening input file `kuka/kuka_link3_lo.obj'
opening input file `kuka/kuka_link4_lo.obj'
opening input file `kuka/kuka_link5_lo.obj'
opening input file `kuka/kuka_wrist_lo.obj'
opening input file `kuka/kuka_link7_lo.stl'
leaving path `iis_robot' back to '/home/martin/ros/iis_komo_ws/src/iis_motion_planning/iis_komo/data'
entering path `iis_robot' from '/home/martin/ros/iis_komo_ws/src/iis_motion_planning/iis_komo/data'
opening input file `right_sdh.ors'
opening input file `schunk/SDH_Gehaeuse_x.tri'
opening input file `schunk/SDH_Mittelteil_Finger1_x.tri'
opening input file `schunk/SDH_Mittelteil_Finger1_x.tri'
opening input file `schunk/SDH_Mittelteil_Finger1_x.tri'
opening input file `schunk/SDH_Kuppe_Finger1_x.tri'
opening input file `schunk/SDH_Kuppe_Finger1_x.tri'
opening input file `schunk/SDH_Kuppe_Finger1_x.tri'
leaving path `iis_robot' back to '/home/martin/ros/iis_komo_ws/src/iis_motion_planning/iis_komo/data'
entering path `iis_robot' from '/home/martin/ros/iis_komo_ws/src/iis_motion_planning/iis_komo/data'
opening input file `left_sdh.ors'
opening input file `schunk/SDH_Gehaeuse_x.tri'
opening input file `schunk/SDH_Mittelteil_Finger1_x.tri'
opening input file `schunk/SDH_Mittelteil_Finger1_x.tri'
opening input file `schunk/SDH_Mittelteil_Finger1_x.tri'
opening input file `schunk/SDH_Kuppe_Finger1_x.tri'
opening input file `schunk/SDH_Kuppe_Finger1_x.tri'
opening input file `schunk/SDH_Kuppe_Finger1_x.tri'
leaving path `iis_robot' back to '/home/martin/ros/iis_komo_ws/src/iis_motion_planning/iis_komo/data'
entering path `.' from '/home/martin/ros/iis_komo_ws/src/iis_motion_planning/iis_komo/data'
opening input file `env.ors'
leaving path `.' back to '/home/martin/ros/iis_komo_ws/src/iis_motion_planning/iis_komo/data'
entering path `.' from '/home/martin/ros/iis_komo_ws/src/iis_motion_planning/iis_komo/data'
opening input file `move_groups.ors'
leaving path `.' back to '/home/martin/ros/iis_komo_ws/src/iis_motion_planning/iis_komo/data'
leaving path `/home/martin/ros/iis_komo_ws/src/iis_motion_planning/iis_komo/scripts/../data' back to '/home/martin/ros/iis_komo_ws/src/iis_motion_planning/KOMO/share/examples/Ors/ors_editor'
entering path `.' from '/home/martin/ros/iis_komo_ws/src/iis_motion_planning/KOMO/share/examples/Ors/ors_editor'
opening output file `z.ors'
leaving path `.' back to '/home/martin/ros/iis_komo_ws/src/iis_motion_planning/KOMO/share/examples/Ors/ors_editor'
entering path `.' from '/home/martin/ros/iis_komo_ws/src/iis_motion_planning/KOMO/share/examples/Ors/ors_editor'
opening output file `z.ors'
leaving path `.' back to '/home/martin/ros/iis_komo_ws/src/iis_motion_planning/KOMO/share/examples/Ors/ors_editor'
entering path `.' from '/home/martin/ros/iis_komo_ws/src/iis_motion_planning/KOMO/share/examples/Ors/ors_editor'
opening output file `z.ors'
leaving path `.' back to '/home/martin/ros/iis_komo_ws/src/iis_motion_planning/KOMO/share/examples/Ors/ors_editor'
entering path `.' from '/home/martin/ros/iis_komo_ws/src/iis_motion_planning/KOMO/share/examples/Ors/ors_editor'
opening output file `z.ors'
leaving path `.' back to '/home/martin/ros/iis_komo_ws/src/iis_motion_planning/KOMO/share/examples/Ors/ors_editor'
           cleanOnly = opening config file 'MT.cfg'
entering path `/home/martin/ros/iis_komo_ws/src/iis_motion_planning/iis_komo/scripts/../data' from '/home/martin/ros/iis_komo_ws/src/iis_motion_planning/KOMO/share/examples/Ors/ors_editor'
opening input file `iis_robot.kvg'
entering path `iis_robot' from '/home/martin/ros/iis_komo_ws/src/iis_motion_planning/iis_komo/data'
opening input file `left_arm.ors'
opening input file `kuka/kuka_base_lo.obj'
opening input file `kuka/kuka_link1_lo.obj'
opening input file `kuka/kuka_link2_lo.obj'
opening input file `kuka/kuka_link3_lo.obj'
opening input file `kuka/kuka_link4_lo.obj'
opening input file `kuka/kuka_link5_lo.obj'
opening input file `kuka/kuka_wrist_lo.obj'
opening input file `kuka/kuka_link7_lo.stl'
leaving path `iis_robot' back to '/home/martin/ros/iis_komo_ws/src/iis_motion_planning/iis_komo/data'
entering path `iis_robot' from '/home/martin/ros/iis_komo_ws/src/iis_motion_planning/iis_komo/data'
opening input file `right_arm.ors'
opening input file `kuka/kuka_base_lo.obj'
opening input file `kuka/kuka_link1_lo.obj'
opening input file `kuka/kuka_link2_lo.obj'
opening input file `kuka/kuka_link3_lo.obj'
opening input file `kuka/kuka_link4_lo.obj'
opening input file `kuka/kuka_link5_lo.obj'
opening input file `kuka/kuka_wrist_lo.obj'
opening input file `kuka/kuka_link7_lo.stl'
leaving path `iis_robot' back to '/home/martin/ros/iis_komo_ws/src/iis_motion_planning/iis_komo/data'
entering path `iis_robot' from '/home/martin/ros/iis_komo_ws/src/iis_motion_planning/iis_komo/data'
opening input file `right_sdh.ors'
opening input file `schunk/SDH_Gehaeuse_x.tri'
opening input file `schunk/SDH_Mittelteil_Finger1_x.tri'
opening input file `schunk/SDH_Mittelteil_Finger1_x.tri'
opening input file `schunk/SDH_Mittelteil_Finger1_x.tri'
opening input file `schunk/SDH_Kuppe_Finger1_x.tri'
opening input file `schunk/SDH_Kuppe_Finger1_x.tri'
opening input file `schunk/SDH_Kuppe_Finger1_x.tri'
leaving path `iis_robot' back to '/home/martin/ros/iis_komo_ws/src/iis_motion_planning/iis_komo/data'
entering path `iis_robot' from '/home/martin/ros/iis_komo_ws/src/iis_motion_planning/iis_komo/data'
opening input file `left_sdh.ors'
opening input file `schunk/SDH_Gehaeuse_x.tri'
opening input file `schunk/SDH_Mittelteil_Finger1_x.tri'
opening input file `schunk/SDH_Mittelteil_Finger1_x.tri'
opening input file `schunk/SDH_Mittelteil_Finger1_x.tri'
opening input file `schunk/SDH_Kuppe_Finger1_x.tri'
opening input file `schunk/SDH_Kuppe_Finger1_x.tri'
opening input file `schunk/SDH_Kuppe_Finger1_x.tri'
leaving path `iis_robot' back to '/home/martin/ros/iis_komo_ws/src/iis_motion_planning/iis_komo/data'
entering path `.' from '/home/martin/ros/iis_komo_ws/src/iis_motion_planning/iis_komo/data'
opening input file `env.ors'
leaving path `.' back to '/home/martin/ros/iis_komo_ws/src/iis_motion_planning/iis_komo/data'
entering path `.' from '/home/martin/ros/iis_komo_ws/src/iis_motion_planning/iis_komo/data'
opening input file `move_groups.ors'
leaving path `.' back to '/home/martin/ros/iis_komo_ws/src/iis_motion_planning/iis_komo/data'
leaving path `/home/martin/ros/iis_komo_ws/src/iis_motion_planning/iis_komo/scripts/../data' back to '/home/martin/ros/iis_komo_ws/src/iis_motion_planning/KOMO/share/examples/Ors/ors_editor'
     noInteractivity = 